<?xml version="1.0" encoding="UTF-8"?>
<!-- Generated by org.testng.reporters.JUnitXMLReporter -->
<testsuite hostname="LD-Windows-8" ignored="2" name="Default test" tests="1" failures="0" timestamp="27 Nov 2021 15:28:14 GMT" time="3.691" errors="0">
  <testcase name="getCallVerifyData" time="3.624" classname="restAPIXML.XMLRequest"/>
  <testcase name="getCall" time="0.0" classname="restAPIXML.XMLRequest">
    <ignored/>
  </testcase> <!-- getCall -->
  <testcase name="getCallFetchData" time="0.0" classname="restAPIXML.XMLRequest">
    <ignored/>
  </testcase> <!-- getCallFetchData -->
</testsuite> <!-- Default test -->
