<?xml version="1.0" encoding="UTF-8"?>
<testng-results skipped="0" failed="0" ignored="2" total="3" passed="1">
  <reporter-output>
  </reporter-output>
  <suite name="Default suite" duration-ms="3691" started-at="2021-11-27T15:28:10Z" finished-at="2021-11-27T15:28:14Z">
    <groups>
    </groups>
    <test name="Default test" duration-ms="3691" started-at="2021-11-27T15:28:10Z" finished-at="2021-11-27T15:28:14Z">
      <class name="restAPIXML.XMLRequest">
        <test-method status="PASS" signature="getCallVerifyData()[pri:0, instance:restAPIXML.XMLRequest@43301423]" name="getCallVerifyData" duration-ms="3624" started-at="2021-11-27T15:28:10Z" finished-at="2021-11-27T15:28:14Z">
          <reporter-output>
          </reporter-output>
        </test-method> <!-- getCallVerifyData -->
      </class> <!-- restAPIXML.XMLRequest -->
    </test> <!-- Default test -->
  </suite> <!-- Default suite -->
</testng-results>
